[2022-09-10 21:09:06,696] [WARNING] [runner.py:178:fetch_hostfile] Unable to find hostfile, will proceed with training with local resources only.
[2022-09-10 21:09:06,823] [INFO] [runner.py:504:main] cmd = /usr/bin/python3 -u -m deepspeed.launcher.launch --world_info=eyJsb2NhbGhvc3QiOiBbMCwgMV19 --master_addr=127.0.0.1 --master_port=29500 cifar10_deepspeed.py --log-interval 100 --deepspeed --deepspeed_config ds_config_offload.json --moe --ep-world-size 2 --num-experts 2 --top-k 1 --noisy-gate-policy RSample --moe-param-group
[2022-09-10 21:09:08,330] [INFO] [launch.py:136:main] WORLD INFO DICT: {'localhost': [0, 1]}
[2022-09-10 21:09:08,330] [INFO] [launch.py:143:main] nnodes=1, num_local_procs=2, node_rank=0
[2022-09-10 21:09:08,330] [INFO] [launch.py:155:main] global_rank_mapping=defaultdict(<class 'list'>, {'localhost': [0, 1]})
[2022-09-10 21:09:08,330] [INFO] [launch.py:156:main] dist_world_size=2
[2022-09-10 21:09:08,330] [INFO] [launch.py:158:main] Setting CUDA_VISIBLE_DEVICES=0,1
[2022-09-10 21:09:10,057] [INFO] [comm.py:635:init_distributed] Initializing TorchBackend in DeepSpeed with backend nccl
[W ProcessGroupNCCL.cpp:1569] Rank 1 using best-guess GPU 1 to perform barrier as devices used by this process are currently unknown. This can potentially cause a hang if this rank to GPU mapping is incorrect.Specify device_ids in barrier() to force use of a particular device.
Files already downloaded and verified
[W ProcessGroupNCCL.cpp:1569] Rank 0 using best-guess GPU 0 to perform barrier as devices used by this process are currently unknown. This can potentially cause a hang if this rank to GPU mapping is incorrect.Specify device_ids in barrier() to force use of a particular device.
Files already downloaded and verified
Files already downloaded and verified
  dog plane   cat   cat
[2022-09-10 21:09:18,114] [INFO] [logging.py:68:log_dist] [Rank 0] Creating MoE layer with num_experts: 2 | num_local_experts: 1 | expert_parallel_size: 2
[2022-09-10 21:09:18,116] [INFO] [logging.py:68:log_dist] [Rank 0] DeepSpeed info: version=0.7.3+a691ec60, git-hash=a691ec60, git-branch=master
[2022-09-10 21:09:18,118] [WARNING] [config_utils.py:64:_process_deprecated_field] Config parameter cpu_offload is deprecated use offload_optimizer instead
No existing process group found, creating a new group named: ep_size_2
[2022-09-10 21:09:18,122] [INFO] [logging.py:68:log_dist] [Rank 0] Creating expert and data parallel groups with size 2
Files already downloaded and verified
truck  deer  ship  bird
[2022-09-10 21:09:19,351] [WARNING] [config_utils.py:64:_process_deprecated_field] Config parameter cpu_offload is deprecated use offload_optimizer instead
No existing process group found, creating a new group named: ep_size_2
[2022-09-10 21:09:19,365] [INFO] [logging.py:68:log_dist] [Rank 0] Creating expert data parallel process group named ep_size_2 with ranks: [0]
[2022-09-10 21:09:19,365] [INFO] [logging.py:68:log_dist] [Rank 0] Creating expert data parallel process group named ep_size_2 with ranks: [1]
[2022-09-10 21:09:19,376] [INFO] [logging.py:68:log_dist] [Rank 0] creating expert parallel process group named ep_size_2 with ranks: [0, 1]
[2022-09-10 21:09:19,452] [INFO] [logging.py:68:log_dist] [Rank 0] DeepSpeed Flops Profiler Enabled: False
Adam Optimizer #0 is created with AVX2 arithmetic capability.
Config: alpha=0.001000, betas=(0.800000, 0.999000), weight_decay=0.000000, adam_w=1
[2022-09-10 21:09:21,461] [INFO] [logging.py:68:log_dist] [Rank 0] Using DeepSpeed Optimizer param name adam as basic optimizer
[2022-09-10 21:09:21,461] [INFO] [logging.py:68:log_dist] [Rank 0] DeepSpeed Basic Optimizer = {basic_optimizer.__class__.__name__}
[2022-09-10 21:09:21,462] [INFO] [utils.py:53:is_zero_supported_optimizer] Checking ZeRO support for optimizer=DeepSpeedCPUAdam type=<class 'deepspeed.ops.adam.cpu_adam.DeepSpeedCPUAdam'>
[2022-09-10 21:09:21,462] [INFO] [logging.py:68:log_dist] [Rank 0] Creating fp16 ZeRO stage 2 optimizer
[2022-09-10 21:09:21,462] [INFO] [stage_1_and_2.py:134:__init__] Reduce bucket size 50000000
[2022-09-10 21:09:21,462] [INFO] [stage_1_and_2.py:135:__init__] Allgather bucket size 50000000
[2022-09-10 21:09:21,462] [INFO] [stage_1_and_2.py:136:__init__] CPU Offload: True
[2022-09-10 21:09:21,462] [INFO] [stage_1_and_2.py:137:__init__] Round robin gradient partitioning: False
Rank: 0 partition count [2, 1] and sizes[(31088, False), (7140, True)] 
Adam Optimizer #0 is created with AVX2 arithmetic capability.
Config: alpha=0.001000, betas=(0.800000, 0.999000), weight_decay=0.000000, adam_w=1
Rank: 1 partition count [2, 1] and sizes[(31088, False), (7140, True)] 
fp16=True
[2022-09-10 21:09:21,580] [INFO] [utils.py:827:see_memory_usage] Before initializing optimizer states
[2022-09-10 21:09:21,582] [INFO] [utils.py:832:see_memory_usage] MA 0.0 GB         Max_MA 0.0 GB         CA 0.0 GB         Max_CA 0 GB 
[2022-09-10 21:09:21,582] [INFO] [utils.py:837:see_memory_usage] CPU Virtual Memory:  used = 11.1 GB, percent = 8.8%
[2022-09-10 21:09:21,608] [INFO] [utils.py:827:see_memory_usage] After initializing optimizer states
[2022-09-10 21:09:21,609] [INFO] [utils.py:832:see_memory_usage] MA 0.0 GB         Max_MA 0.0 GB         CA 0.0 GB         Max_CA 0 GB 
[2022-09-10 21:09:21,610] [INFO] [utils.py:837:see_memory_usage] CPU Virtual Memory:  used = 11.11 GB, percent = 8.8%
[2022-09-10 21:09:21,610] [INFO] [stage_1_and_2.py:516:__init__] optimizer state initialized
[2022-09-10 21:09:21,632] [INFO] [utils.py:827:see_memory_usage] After initializing ZeRO optimizer
[2022-09-10 21:09:21,633] [INFO] [utils.py:832:see_memory_usage] MA 0.0 GB         Max_MA 0.0 GB         CA 0.0 GB         Max_CA 0 GB 
[2022-09-10 21:09:21,633] [INFO] [utils.py:837:see_memory_usage] CPU Virtual Memory:  used = 11.12 GB, percent = 8.8%
[2022-09-10 21:09:21,634] [INFO] [logging.py:68:log_dist] [Rank 0] DeepSpeed Final Optimizer = adam
[2022-09-10 21:09:21,634] [INFO] [logging.py:68:log_dist] [Rank 0] DeepSpeed using configured LR scheduler = WarmupLR
[2022-09-10 21:09:21,634] [INFO] [logging.py:68:log_dist] [Rank 0] DeepSpeed LR Scheduler = <deepspeed.runtime.lr_schedules.WarmupLR object at 0x7f1f438034e0>
[2022-09-10 21:09:21,634] [INFO] [logging.py:68:log_dist] [Rank 0] step=0, skipped=0, lr=[0.001, 0.001], mom=[[0.8, 0.999], [0.8, 0.999]]
[2022-09-10 21:09:21,634] [INFO] [config.py:987:print] DeepSpeedEngine configuration:
[2022-09-10 21:09:21,635] [INFO] [config.py:991:print]   activation_checkpointing_config  {
    "partition_activations": false, 
    "contiguous_memory_optimization": false, 
    "cpu_checkpointing": false, 
    "number_checkpoints": null, 
    "synchronize_checkpoint_boundary": false, 
    "profile": false
}
[2022-09-10 21:09:21,635] [INFO] [config.py:991:print]   aio_config ................... {'block_size': 1048576, 'queue_depth': 8, 'thread_count': 1, 'single_submit': False, 'overlap_events': True}
[2022-09-10 21:09:21,636] [INFO] [config.py:991:print]   amp_enabled .................. False
[2022-09-10 21:09:21,636] [INFO] [config.py:991:print]   amp_params ................... False
[2022-09-10 21:09:21,636] [INFO] [config.py:991:print]   autotuning_config ............ {
    "enabled": false, 
    "start_step": null, 
    "end_step": null, 
    "metric_path": null, 
    "arg_mappings": null, 
    "metric": "throughput", 
    "model_info": null, 
    "results_dir": null, 
    "exps_dir": null, 
    "overwrite": true, 
    "fast": true, 
    "start_profile_step": 3, 
    "end_profile_step": 5, 
    "tuner_type": "gridsearch", 
    "tuner_early_stopping": 5, 
    "tuner_num_trials": 50, 
    "model_info_path": null, 
    "mp_size": 1, 
    "max_train_batch_size": null, 
    "min_train_batch_size": 1, 
    "max_train_micro_batch_size_per_gpu": 1.024000e+03, 
    "min_train_micro_batch_size_per_gpu": 1, 
    "num_tuning_micro_batch_sizes": 3
}
[2022-09-10 21:09:21,636] [INFO] [config.py:991:print]   bfloat16_enabled ............. False
[2022-09-10 21:09:21,637] [INFO] [config.py:991:print]   checkpoint_tag_validation_enabled  True
[2022-09-10 21:09:21,637] [INFO] [config.py:991:print]   checkpoint_tag_validation_fail  False
[2022-09-10 21:09:21,637] [INFO] [config.py:991:print]   comms_config ................. <deepspeed.comm.config.DeepSpeedCommsConfig object at 0x7f1f437d3be0>
[2022-09-10 21:09:21,637] [INFO] [config.py:991:print]   communication_data_type ...... None
[2022-09-10 21:09:21,637] [INFO] [config.py:991:print]   compression_config ........... {'weight_quantization': {'shared_parameters': {'enabled': False, 'quantizer_kernel': False, 'schedule_offset': 0, 'quantize_groups': 1, 'quantize_verbose': False, 'quantization_type': 'symmetric', 'quantize_weight_in_forward': False, 'rounding': 'nearest', 'fp16_mixed_quantize': False, 'quantize_change_ratio': 0.001}, 'different_groups': {}}, 'activation_quantization': {'shared_parameters': {'enabled': False, 'quantization_type': 'symmetric', 'range_calibration': 'dynamic', 'schedule_offset': 1000}, 'different_groups': {}}, 'sparse_pruning': {'shared_parameters': {'enabled': False, 'method': 'l1', 'schedule_offset': 1000}, 'different_groups': {}}, 'row_pruning': {'shared_parameters': {'enabled': False, 'method': 'l1', 'schedule_offset': 1000}, 'different_groups': {}}, 'head_pruning': {'shared_parameters': {'enabled': False, 'method': 'topk', 'schedule_offset': 1000}, 'different_groups': {}}, 'channel_pruning': {'shared_parameters': {'enabled': False, 'method': 'l1', 'schedule_offset': 1000}, 'different_groups': {}}, 'layer_reduction': {'enabled': False}}
[2022-09-10 21:09:21,637] [INFO] [config.py:991:print]   curriculum_enabled ........... False
[2022-09-10 21:09:21,637] [INFO] [config.py:991:print]   curriculum_params ............ False
[2022-09-10 21:09:21,637] [INFO] [config.py:991:print]   dataloader_drop_last ......... False
[2022-09-10 21:09:21,637] [INFO] [config.py:991:print]   disable_allgather ............ False
[2022-09-10 21:09:21,637] [INFO] [config.py:991:print]   dump_state ................... False
[2022-09-10 21:09:21,637] [INFO] [config.py:991:print]   dynamic_loss_scale_args ...... {'init_scale': 32768, 'scale_window': 500, 'delayed_shift': 2, 'min_scale': 1}
[2022-09-10 21:09:21,637] [INFO] [config.py:991:print]   eigenvalue_enabled ........... False
[2022-09-10 21:09:21,637] [INFO] [config.py:991:print]   eigenvalue_gas_boundary_resolution  1
[2022-09-10 21:09:21,637] [INFO] [config.py:991:print]   eigenvalue_layer_name ........ bert.encoder.layer
[2022-09-10 21:09:21,637] [INFO] [config.py:991:print]   eigenvalue_layer_num ......... 0
[2022-09-10 21:09:21,637] [INFO] [config.py:991:print]   eigenvalue_max_iter .......... 100
[2022-09-10 21:09:21,637] [INFO] [config.py:991:print]   eigenvalue_stability ......... 1e-06
[2022-09-10 21:09:21,638] [INFO] [config.py:991:print]   eigenvalue_tol ............... 0.01
[2022-09-10 21:09:21,638] [INFO] [config.py:991:print]   eigenvalue_verbose ........... False
[2022-09-10 21:09:21,638] [INFO] [config.py:991:print]   elasticity_enabled ........... False
[2022-09-10 21:09:21,638] [INFO] [config.py:991:print]   flops_profiler_config ........ {
    "enabled": false, 
    "profile_step": 1, 
    "module_depth": -1, 
    "top_modules": 1, 
    "detailed": true, 
    "output_file": null
}
[2022-09-10 21:09:21,638] [INFO] [config.py:991:print]   fp16_auto_cast ............... False
[2022-09-10 21:09:21,638] [INFO] [config.py:991:print]   fp16_enabled ................. True
[2022-09-10 21:09:21,638] [INFO] [config.py:991:print]   fp16_master_weights_and_gradients  False
[2022-09-10 21:09:21,638] [INFO] [config.py:991:print]   global_rank .................. 0
[2022-09-10 21:09:21,638] [INFO] [config.py:991:print]   gradient_accumulation_steps .. 1
[2022-09-10 21:09:21,638] [INFO] [config.py:991:print]   gradient_clipping ............ 1.0
[2022-09-10 21:09:21,638] [INFO] [config.py:991:print]   gradient_predivide_factor .... 1.0
[2022-09-10 21:09:21,638] [INFO] [config.py:991:print]   initial_dynamic_scale ........ 32768
[2022-09-10 21:09:21,638] [INFO] [config.py:991:print]   load_universal_checkpoint .... False
[2022-09-10 21:09:21,638] [INFO] [config.py:991:print]   loss_scale ................... 0
[2022-09-10 21:09:21,638] [INFO] [config.py:991:print]   memory_breakdown ............. False
[2022-09-10 21:09:21,638] [INFO] [config.py:991:print]   monitor_config ............... <deepspeed.monitor.config.DeepSpeedMonitorConfig object at 0x7f1f437d3780>
[2022-09-10 21:09:21,639] [INFO] [config.py:991:print]   nebula_config ................ {
    "enabled": false, 
    "persistent_storage_path": null, 
    "persistent_time_interval": 100, 
    "num_of_version_in_retention": 2, 
    "enable_nebula_load": true, 
    "load_path": null
}
[2022-09-10 21:09:21,639] [INFO] [config.py:991:print]   optimizer_legacy_fusion ...... False
[2022-09-10 21:09:21,639] [INFO] [config.py:991:print]   optimizer_name ............... adam
[2022-09-10 21:09:21,639] [INFO] [config.py:991:print]   optimizer_params ............. {'lr': 0.001, 'betas': [0.8, 0.999], 'eps': 1e-08, 'weight_decay': 3e-07}
[2022-09-10 21:09:21,639] [INFO] [config.py:991:print]   pipeline ..................... {'stages': 'auto', 'partition': 'best', 'seed_layers': False, 'activation_checkpoint_interval': 0}
[2022-09-10 21:09:21,639] [INFO] [config.py:991:print]   pld_enabled .................. False
[2022-09-10 21:09:21,639] [INFO] [config.py:991:print]   pld_params ................... False
[2022-09-10 21:09:21,639] [INFO] [config.py:991:print]   prescale_gradients ........... False
[2022-09-10 21:09:21,639] [INFO] [config.py:991:print]   scheduler_name ............... WarmupLR
[2022-09-10 21:09:21,639] [INFO] [config.py:991:print]   scheduler_params ............. {'warmup_min_lr': 0, 'warmup_max_lr': 0.001, 'warmup_num_steps': 1000}
[2022-09-10 21:09:21,639] [INFO] [config.py:991:print]   sparse_attention ............. None
[2022-09-10 21:09:21,639] [INFO] [config.py:991:print]   sparse_gradients_enabled ..... False
[2022-09-10 21:09:21,639] [INFO] [config.py:991:print]   steps_per_print .............. 2000
[2022-09-10 21:09:21,639] [INFO] [config.py:991:print]   train_batch_size ............. 16
[2022-09-10 21:09:21,639] [INFO] [config.py:991:print]   train_micro_batch_size_per_gpu  8
[2022-09-10 21:09:21,639] [INFO] [config.py:991:print]   wall_clock_breakdown ......... False
[2022-09-10 21:09:21,639] [INFO] [config.py:991:print]   world_size ................... 2
[2022-09-10 21:09:21,640] [INFO] [config.py:991:print]   zero_allow_untested_optimizer  False
[2022-09-10 21:09:21,640] [INFO] [config.py:991:print]   zero_config .................. stage=2 contiguous_gradients=True reduce_scatter=True reduce_bucket_size=50000000 allgather_partitions=True allgather_bucket_size=50000000 overlap_comm=True load_from_fp32_weights=True elastic_checkpoint=False offload_param=DeepSpeedZeroOffloadParamConfig(device='cpu', nvme_path=None, buffer_count=5, buffer_size=100000000, max_in_cpu=1000000000, pin_memory=False) offload_optimizer=DeepSpeedZeroOffloadOptimizerConfig(device='cpu', nvme_path=None, buffer_count=4, pin_memory=False, pipeline=False, pipeline_read=False, pipeline_write=False, fast_init=False) sub_group_size=1000000000 cpu_offload_param=None cpu_offload_use_pin_memory=None cpu_offload=True prefetch_bucket_size=50000000 param_persistence_threshold=100000 model_persistence_threshold=9223372036854775807 max_live_parameters=1000000000 max_reuse_distance=1000000000 gather_16bit_weights_on_model_save=False stage3_gather_fp16_weights_on_model_save=False ignore_unused_parameters=True legacy_stage1=False round_robin_gradients=False
[2022-09-10 21:09:21,640] [INFO] [config.py:991:print]   zero_enabled ................. True
[2022-09-10 21:09:21,640] [INFO] [config.py:991:print]   zero_optimization_stage ...... 2
[2022-09-10 21:09:21,640] [INFO] [config.py:983:print_user_config]   json = {
    "train_batch_size": 16, 
    "steps_per_print": 2.000000e+03, 
    "optimizer": {
        "type": "Adam", 
        "params": {
            "lr": 0.001, 
            "betas": [0.8, 0.999], 
            "eps": 1e-08, 
            "weight_decay": 3e-07
        }
    }, 
    "scheduler": {
        "type": "WarmupLR", 
        "params": {
            "warmup_min_lr": 0, 
            "warmup_max_lr": 0.001, 
            "warmup_num_steps": 1000
        }
    }, 
    "gradient_clipping": 1.0, 
    "prescale_gradients": false, 
    "fp16": {
        "enabled": true, 
        "fp16_master_weights_and_grads": false, 
        "loss_scale": 0, 
        "loss_scale_window": 500, 
        "hysteresis": 2, 
        "min_loss_scale": 1, 
        "initial_scale_power": 15
    }, 
    "wall_clock_breakdown": false, 
    "zero_optimization": {
        "stage": 2, 
        "allgather_partitions": true, 
        "reduce_scatter": true, 
        "allgather_bucket_size": 5.000000e+07, 
        "reduce_bucket_size": 5.000000e+07, 
        "overlap_comm": true, 
        "contiguous_gradients": true, 
        "cpu_offload": true, 
        "offload_param": {
            "device": "cpu"
        }
    }
}
fp16=True
[1,   100] loss: 2.294
[1,   100] loss: 2.285
[2022-09-10 21:09:24,313] [INFO] [stage_1_and_2.py:1724:step] [deepspeed] OVERFLOW! Rank 0 Skipping step. Attempted loss scale: 32768, reducing to 32768
[2022-09-10 21:09:24,396] [INFO] [stage_1_and_2.py:1724:step] [deepspeed] OVERFLOW! Rank 0 Skipping step. Attempted loss scale: 32768, reducing to 16384.0
[2022-09-10 21:09:24,425] [INFO] [stage_1_and_2.py:1724:step] [deepspeed] OVERFLOW! Rank 0 Skipping step. Attempted loss scale: 16384.0, reducing to 8192.0
[1,   200] loss: 2.133
[1,   200] loss: 2.108
[1,   300] loss: 2.015
[1,   300] loss: 2.028
[1,   400] loss: 1.928
[1,   400] loss: 1.972
[1,   500] loss: 1.897
[1,   500] loss: 1.892
[1,   600] loss: 1.898
[1,   600] loss: 1.851
[1,   700] loss: 1.847
[1,   700] loss: 1.883
[1,   800] loss: 1.811
[1,   800] loss: 1.880
[1,   900] loss: 1.793
[1,   900] loss: 1.840
[1,  1000] loss: 1.801
[1,  1000] loss: 1.789
[1,  1100] loss: 1.737
[1,  1100] loss: 1.770
[2022-09-10 21:09:38,784] [INFO] [stage_1_and_2.py:1724:step] [deepspeed] OVERFLOW! Rank 0 Skipping step. Attempted loss scale: 32768.0, reducing to 32768.0
[2022-09-10 21:09:38,836] [INFO] [stage_1_and_2.py:1724:step] [deepspeed] OVERFLOW! Rank 0 Skipping step. Attempted loss scale: 32768.0, reducing to 16384.0
[1,  1200] loss: 1.666
[1,  1200] loss: 1.777
[1,  1300] loss: 1.693
[1,  1300] loss: 1.778
[1,  1400] loss: 1.779
[1,  1400] loss: 1.744
[1,  1500] loss: 1.745
[1,  1500] loss: 1.765
[1,  1600] loss: 1.661
[1,  1600] loss: 1.733
[2022-09-10 21:09:46,163] [INFO] [stage_1_and_2.py:1724:step] [deepspeed] OVERFLOW! Rank 0 Skipping step. Attempted loss scale: 32768.0, reducing to 32768.0
[1,  1700] loss: 1.698
[1,  1700] loss: 1.687
[2022-09-10 21:09:46,498] [INFO] [stage_1_and_2.py:1724:step] [deepspeed] OVERFLOW! Rank 0 Skipping step. Attempted loss scale: 32768.0, reducing to 16384.0
[2022-09-10 21:09:47,102] [INFO] [stage_1_and_2.py:1724:step] [deepspeed] OVERFLOW! Rank 0 Skipping step. Attempted loss scale: 16384.0, reducing to 8192.0
[1,  1800] loss: 1.672
[1,  1800] loss: 1.663
[1,  1900] loss: 1.621
[1,  1900] loss: 1.635
[1,  2000] loss: 1.659
[2022-09-10 21:09:50,717] [INFO] [logging.py:68:log_dist] [Rank 0] step=2000, skipped=8, lr=[0.001, 0.001], mom=[[0.8, 0.999], [0.8, 0.999]]
[2022-09-10 21:09:50,718] [INFO] [timer.py:207:stop] 0/2000, RunningAvgSamplesPerSec=1116.4262853922035, CurrSamplesPerSec=1108.7426107357048, MemAllocated=0.0GB, MaxMemAllocated=0.19GB
[1,  2000] loss: 1.684
[1,  2100] loss: 1.692
[1,  2100] loss: 1.625
[1,  2200] loss: 1.635
[1,  2200] loss: 1.681
[1,  2300] loss: 1.594
[1,  2300] loss: 1.609
[1,  2400] loss: 1.631
[1,  2400] loss: 1.592
[1,  2500] loss: 1.595
[1,  2500] loss: 1.609
[2022-09-10 21:09:58,526] [INFO] [stage_1_and_2.py:1724:step] [deepspeed] OVERFLOW! Rank 0 Skipping step. Attempted loss scale: 16384.0, reducing to 16384.0
[2022-09-10 21:09:58,736] [INFO] [stage_1_and_2.py:1724:step] [deepspeed] OVERFLOW! Rank 0 Skipping step. Attempted loss scale: 16384.0, reducing to 8192.0
[1,  2600] loss: 1.583
[1,  2600] loss: 1.582
[1,  2700] loss: 1.605
[1,  2700] loss: 1.608
[1,  2800] loss: 1.571
[1,  2800] loss: 1.563
[1,  2900] loss: 1.605
[1,  2900] loss: 1.605
[1,  3000] loss: 1.514
[1,  3000] loss: 1.597
[1,  3100] loss: 1.624
[1,  3100] loss: 1.564
[2,   100] loss: 1.528
[2,   100] loss: 1.475
[2022-09-10 21:10:08,863] [INFO] [stage_1_and_2.py:1724:step] [deepspeed] OVERFLOW! Rank 0 Skipping step. Attempted loss scale: 16384.0, reducing to 16384.0
[2022-09-10 21:10:09,752] [INFO] [stage_1_and_2.py:1724:step] [deepspeed] OVERFLOW! Rank 0 Skipping step. Attempted loss scale: 16384.0, reducing to 8192.0
[2,   200] loss: 1.534
[2,   200] loss: 1.608
[2,   300] loss: 1.519
[2,   300] loss: 1.566
[2,   400] loss: 1.536
[2,   400] loss: 1.547
[2,   500] loss: 1.530
[2,   500] loss: 1.481
[2,   600] loss: 1.493
[2,   600] loss: 1.571
[2,   700] loss: 1.550
[2,   700] loss: 1.506
[2022-09-10 21:10:17,577] [INFO] [stage_1_and_2.py:1724:step] [deepspeed] OVERFLOW! Rank 0 Skipping step. Attempted loss scale: 16384.0, reducing to 16384.0
[2,   800] loss: 1.479
[2,   800] loss: 1.548
[2022-09-10 21:10:19,122] [INFO] [stage_1_and_2.py:1724:step] [deepspeed] OVERFLOW! Rank 0 Skipping step. Attempted loss scale: 16384.0, reducing to 8192.0
[2022-09-10 21:10:20,071] [INFO] [logging.py:68:log_dist] [Rank 0] step=4000, skipped=14, lr=[0.001, 0.001], mom=[[0.8, 0.999], [0.8, 0.999]]
[2022-09-10 21:10:20,073] [INFO] [timer.py:207:stop] 0/4000, RunningAvgSamplesPerSec=1109.0702899380756, CurrSamplesPerSec=1132.0467603447985, MemAllocated=0.0GB, MaxMemAllocated=0.19GB
[2,   900] loss: 1.532
[2,   900] loss: 1.538
[2,  1000] loss: 1.519
[2,  1000] loss: 1.494
[2,  1100] loss: 1.451
[2,  1100] loss: 1.520
[2,  1200] loss: 1.458
[2,  1200] loss: 1.516
[2,  1300] loss: 1.504
[2,  1300] loss: 1.468
[2,  1400] loss: 1.529
[2,  1400] loss: 1.460
[2022-09-10 21:10:28,093] [INFO] [stage_1_and_2.py:1724:step] [deepspeed] OVERFLOW! Rank 0 Skipping step. Attempted loss scale: 16384.0, reducing to 16384.0
[2022-09-10 21:10:28,150] [INFO] [stage_1_and_2.py:1724:step] [deepspeed] OVERFLOW! Rank 0 Skipping step. Attempted loss scale: 16384.0, reducing to 8192.0
[2,  1500] loss: 1.501
[2,  1500] loss: 1.507
[2,  1600] loss: 1.505
[2,  1600] loss: 1.444
[2,  1700] loss: 1.427
[2,  1700] loss: 1.492
[2,  1800] loss: 1.443
[2,  1800] loss: 1.455
[2,  1900] loss: 1.442
[2,  1900] loss: 1.438
[2022-09-10 21:10:35,533] [INFO] [stage_1_and_2.py:1724:step] [deepspeed] OVERFLOW! Rank 0 Skipping step. Attempted loss scale: 16384.0, reducing to 16384.0
[2022-09-10 21:10:35,980] [INFO] [stage_1_and_2.py:1724:step] [deepspeed] OVERFLOW! Rank 0 Skipping step. Attempted loss scale: 16384.0, reducing to 8192.0
[2,  2000] loss: 1.537
[2,  2000] loss: 1.423
[2,  2100] loss: 1.413
[2,  2100] loss: 1.483
[2,  2200] loss: 1.402
[2,  2200] loss: 1.527
[2,  2300] loss: 1.372
[2,  2300] loss: 1.429
[2,  2400] loss: 1.434
[2,  2400] loss: 1.479
[2,  2500] loss: 1.411
[2,  2500] loss: 1.399
[2022-09-10 21:10:44,129] [INFO] [stage_1_and_2.py:1724:step] [deepspeed] OVERFLOW! Rank 0 Skipping step. Attempted loss scale: 16384.0, reducing to 16384.0
[2022-09-10 21:10:44,814] [INFO] [stage_1_and_2.py:1724:step] [deepspeed] OVERFLOW! Rank 0 Skipping step. Attempted loss scale: 16384.0, reducing to 8192.0
[2,  2600] loss: 1.398
[2,  2600] loss: 1.444
[2,  2700] loss: 1.478
[2,  2700] loss: 1.432
[2,  2800] loss: 1.405
[2,  2800] loss: 1.388
[2022-09-10 21:10:49,622] [INFO] [logging.py:68:log_dist] [Rank 0] step=6000, skipped=20, lr=[0.001, 0.001], mom=[[0.8, 0.999], [0.8, 0.999]]
[2022-09-10 21:10:49,624] [INFO] [timer.py:207:stop] 0/6000, RunningAvgSamplesPerSec=1102.3446197203912, CurrSamplesPerSec=1078.1406378022332, MemAllocated=0.0GB, MaxMemAllocated=0.19GB
[2,  2900] loss: 1.454
[2,  2900] loss: 1.409
[2,  3000] loss: 1.415
[2,  3000] loss: 1.402
[2022-09-10 21:10:52,610] [INFO] [stage_1_and_2.py:1724:step] [deepspeed] OVERFLOW! Rank 0 Skipping step. Attempted loss scale: 16384.0, reducing to 16384.0
[2,  3100] loss: 1.465
[2,  3100] loss: 1.421
Finished Training
Finished Training
GroundTruth:    cat  ship  ship plane
GroundTruth:    cat  ship  ship plane
Predicted:    cat  ship truck  ship
Predicted:    cat  ship  deer  ship
Accuracy of the network on the 10000 test images: 46 %
Accuracy of the network on the 10000 test images: 46 %
Accuracy of plane : 52 %
Accuracy of   car : 41 %
Accuracy of  bird : 33 %
Accuracy of   cat : 23 %
Accuracy of  deer : 56 %
Accuracy of   dog : 42 %
Accuracy of  frog : 42 %
Accuracy of horse : 54 %
Accuracy of  ship : 61 %
Accuracy of truck : 56 %
Accuracy of plane : 53 %
Accuracy of   car : 41 %
Accuracy of  bird : 32 %
Accuracy of   cat : 22 %
Accuracy of  deer : 57 %
Accuracy of   dog : 42 %
Accuracy of  frog : 43 %
Accuracy of horse : 54 %
Accuracy of  ship : 60 %
Accuracy of truck : 56 %
[2022-09-10 21:11:17,477] [INFO] [launch.py:318:main] Process 41798 exits successfully.
[2022-09-10 21:11:17,477] [INFO] [launch.py:318:main] Process 41799 exits successfully.
